<?xml version="1.0" encoding="UTF-8"?>
<!-- Generated by org.testng.reporters.JUnitReportReporter -->
<testsuite hostname="DESKTOP-1TK4TSS" failures="0" tests="4" name="dataDrivenTesting.DataDrivenTestingTest" time="0.031" errors="0" timestamp="2022-11-22T17:05:34 IST" skipped="0">
  <testcase classname="dataDrivenTesting.DataDrivenTestingTest" name="retestTestData" time="0.014"/>
  <system-out/>
  <testcase classname="dataDrivenTesting.DataDrivenTestingTest" name="retestTestData" time="0.009"/>
  <system-out/>
  <testcase classname="dataDrivenTesting.DataDrivenTestingTest" name="retestTestData" time="0.005"/>
  <system-out/>
  <testcase classname="dataDrivenTesting.DataDrivenTestingTest" name="retestTestData" time="0.003"/>
  <system-out/>
</testsuite> <!-- dataDrivenTesting.DataDrivenTestingTest -->
